<?xml version="1.0" encoding="UTF-8"?>
<!-- Generated by org.testng.reporters.JUnitXMLReporter -->
<testsuite hostname="Krishnas-MacBook-Pro.local" ignored="1" name="Test1" tests="9" failures="4" timestamp="25 Aug 2017 02:07:49 GMT" time="0.091" errors="0">
  <testcase name="testCase1" time="0.017" classname="day22.com.automationtesting.testng.TestNgDemo">
    <failure type="java.lang.AssertionError" message="expected [WebDriver] but found [Selenium]">
      <![CDATA[java.lang.AssertionError: expected [WebDriver] but found [Selenium]
	at day22.com.automationtesting.testng.TestNgDemo.testCase1(TestNgDemo.java:10)
... Removed 31 stack frames]]>
    </failure>
  </testcase> <!-- testCase1 -->
  <testcase name="testCase2" time="0.002" classname="day22.com.automationtesting.testng.TestNgDemo"/>
  <testcase name="testCase3" time="0.003" classname="day22.com.automationtesting.testng.TestNgDemo">
    <failure type="java.lang.AssertionError" message="expected [true] but found [false]">
      <![CDATA[java.lang.AssertionError: expected [true] but found [false]
	at day22.com.automationtesting.testng.TestNgDemo.testCase3(TestNgDemo.java:20)
... Removed 29 stack frames]]>
    </failure>
  </testcase> <!-- testCase3 -->
  <testcase name="testCase4" time="0.002" classname="day22.com.automationtesting.testng.TestNgDemo"/>
  <testcase name="testCase10" time="0.001" classname="day22.com.automationtesting.testng.TestNgDemo1"/>
  <testcase name="testCase6" time="0.001" classname="day22.com.automationtesting.testng.TestNgDemo1">
    <failure type="java.lang.AssertionError" message="expected [WebDriver] but found [Selenium]">
      <![CDATA[java.lang.AssertionError: expected [WebDriver] but found [Selenium]
	at day22.com.automationtesting.testng.TestNgDemo1.testCase6(TestNgDemo1.java:10)
... Removed 31 stack frames]]>
    </failure>
  </testcase> <!-- testCase6 -->
  <testcase name="testCase7" time="0.002" classname="day22.com.automationtesting.testng.TestNgDemo1"/>
  <testcase name="testCase8" time="0.002" classname="day22.com.automationtesting.testng.TestNgDemo1">
    <failure type="java.lang.AssertionError" message="expected [true] but found [false]">
      <![CDATA[java.lang.AssertionError: expected [true] but found [false]
	at day22.com.automationtesting.testng.TestNgDemo1.testCase8(TestNgDemo1.java:20)
... Removed 29 stack frames]]>
    </failure>
  </testcase> <!-- testCase8 -->
  <testcase name="testCase9" time="0.002" classname="day22.com.automationtesting.testng.TestNgDemo1"/>
  <testcase name="testCase5" time="0.0" classname="day22.com.automationtesting.testng.TestNgDemo">
    <ignored/>
  </testcase> <!-- testCase5 -->
</testsuite> <!-- Test1 -->
