<?xml version="1.0" encoding="UTF-8"?>
<!-- Generated by org.testng.reporters.JUnitXMLReporter -->
<testsuite hostname="Krishnas-MacBook-Pro.local" ignored="6" name="Test" tests="4" failures="2" timestamp="25 Aug 2017 02:00:55 GMT" time="0.099" errors="0">
  <testcase name="testCase6" time="0.02" classname="day22.com.automationtesting.testng.TestNgDemo1">
    <failure type="java.lang.AssertionError" message="expected [WebDriver] but found [Selenium]">
      <![CDATA[java.lang.AssertionError: expected [WebDriver] but found [Selenium]
	at day22.com.automationtesting.testng.TestNgDemo1.testCase6(TestNgDemo1.java:10)
... Removed 31 stack frames]]>
    </failure>
  </testcase> <!-- testCase6 -->
  <testcase name="testCase7" time="0.004" classname="day22.com.automationtesting.testng.TestNgDemo1"/>
  <testcase name="testCase8" time="0.005" classname="day22.com.automationtesting.testng.TestNgDemo1">
    <failure type="java.lang.AssertionError" message="expected [true] but found [false]">
      <![CDATA[java.lang.AssertionError: expected [true] but found [false]
	at day22.com.automationtesting.testng.TestNgDemo1.testCase8(TestNgDemo1.java:20)
... Removed 29 stack frames]]>
    </failure>
  </testcase> <!-- testCase8 -->
  <testcase name="testCase9" time="0.005" classname="day22.com.automationtesting.testng.TestNgDemo1"/>
  <testcase name="testCase10" time="0.0" classname="day22.com.automationtesting.testng.TestNgDemo1">
    <ignored/>
  </testcase> <!-- testCase10 -->
  <testcase name="testCase3" time="0.0" classname="day22.com.automationtesting.testng.TestNgDemo">
    <ignored/>
  </testcase> <!-- testCase3 -->
  <testcase name="testCase2" time="0.0" classname="day22.com.automationtesting.testng.TestNgDemo">
    <ignored/>
  </testcase> <!-- testCase2 -->
  <testcase name="testCase5" time="0.0" classname="day22.com.automationtesting.testng.TestNgDemo">
    <ignored/>
  </testcase> <!-- testCase5 -->
  <testcase name="testCase4" time="0.0" classname="day22.com.automationtesting.testng.TestNgDemo">
    <ignored/>
  </testcase> <!-- testCase4 -->
  <testcase name="testCase1" time="0.0" classname="day22.com.automationtesting.testng.TestNgDemo">
    <ignored/>
  </testcase> <!-- testCase1 -->
</testsuite> <!-- Test -->
