<!DOCTYPE html PUBLIC "-//W3C//DTD XHTML 1.1//EN" "http://www.w3.org/TR/xhtml11/DTD/xhtml11.dtd">
<html xmlns="http://www.w3.org/1999/xhtml"><head><title>TestNG Report</title><style type="text/css">table {margin-bottom:10px;border-collapse:collapse;empty-cells:show}th,td {border:1px solid #009;padding:.25em .5em}th {vertical-align:bottom}td {vertical-align:top}table a {font-weight:bold}.stripe td {background-color: #E6EBF9}.num {text-align:right}.passedodd td {background-color: #3F3}.passedeven td {background-color: #0A0}.skippedodd td {background-color: #DDD}.skippedeven td {background-color: #CCC}.failedodd td,.attn {background-color: #F33}.failedeven td,.stripe .attn {background-color: #D00}.stacktrace {white-space:pre;font-family:monospace}.totop {font-size:85%;text-align:center;border-bottom:2px solid #000}</style></head><body><table><tr><th>Test</th><th># Passed</th><th># Skipped</th><th># Failed</th><th>Time (ms)</th><th>Included Groups</th><th>Excluded Groups</th></tr><tr><th colspan="7">Suite</th></tr><tr><td><a href="#t0">Test1</a></td><td class="num">2</td><td class="num">0</td><td class="num attn">2</td><td class="num">70</td><td></td><td></td></tr><tr class="stripe"><td><a href="#t1">Test2</a></td><td class="num">2</td><td class="num">0</td><td class="num attn">2</td><td class="num">48</td><td></td><td></td></tr><tr><th>Total</th><th class="num">4</th><th class="num">0</th><th class="num attn">4</th><th class="num">118</th><th colspan="2"></th></tr></table><table id='summary'><thead><tr><th>Class</th><th>Method</th><th>Start</th><th>Time (ms)</th></tr></thead><tbody><tr><th colspan="4">Suite</th></tr></tbody><tbody id="t0"><tr><th colspan="4">Test1 &#8212; failed</th></tr><tr class="failedeven"><td rowspan="2">day22.com.automationtesting.testng.TestNgDemo1</td><td><a href="#m0">testCase6</a></td><td rowspan="1">1503713484026</td><td rowspan="1">13</td></tr><tr class="failedeven"><td><a href="#m1">testCase8</a></td><td rowspan="1">1503713484052</td><td rowspan="1">2</td></tr><tr><th colspan="4">Test1 &#8212; passed</th></tr><tr class="passedeven"><td rowspan="2">day22.com.automationtesting.testng.TestNgDemo1</td><td><a href="#m2">testCase7</a></td><td rowspan="1">1503713484044</td><td rowspan="1">5</td></tr><tr class="passedeven"><td><a href="#m3">testCase9</a></td><td rowspan="1">1503713484060</td><td rowspan="1">2</td></tr></tbody><tbody id="t1"><tr><th colspan="4">Test2 &#8212; failed</th></tr><tr class="failedeven"><td rowspan="2">day22.com.automationtesting.testng.TestNgDemo</td><td><a href="#m4">testCase1</a></td><td rowspan="1">1503713484155</td><td rowspan="1">3</td></tr><tr class="failedeven"><td><a href="#m5">testCase3</a></td><td rowspan="1">1503713484180</td><td rowspan="1">3</td></tr><tr><th colspan="4">Test2 &#8212; passed</th></tr><tr class="passedeven"><td rowspan="2">day22.com.automationtesting.testng.TestNgDemo</td><td><a href="#m6">testCase2</a></td><td rowspan="1">1503713484173</td><td rowspan="1">3</td></tr><tr class="passedeven"><td><a href="#m7">testCase4</a></td><td rowspan="1">1503713484188</td><td rowspan="1">11</td></tr></tbody></table><h2>Test1</h2><h3 id="m0">day22.com.automationtesting.testng.TestNgDemo1#testCase6</h3><table class="result"><tr><th>Exception</th></tr><tr><td><div class="stacktrace">java.lang.AssertionError: expected [WebDriver] but found [Selenium]
	at day22.com.automationtesting.testng.TestNgDemo1.testCase6(TestNgDemo1.java:10)
... Removed 31 stack frames</div></td></tr></table><p class="totop"><a href="#summary">back to summary</a></p><h3 id="m1">day22.com.automationtesting.testng.TestNgDemo1#testCase8</h3><table class="result"><tr><th>Exception</th></tr><tr><td><div class="stacktrace">java.lang.AssertionError: expected [true] but found [false]
	at day22.com.automationtesting.testng.TestNgDemo1.testCase8(TestNgDemo1.java:20)
... Removed 29 stack frames</div></td></tr></table><p class="totop"><a href="#summary">back to summary</a></p><h3 id="m2">day22.com.automationtesting.testng.TestNgDemo1#testCase7</h3><table class="result"></table><p class="totop"><a href="#summary">back to summary</a></p><h3 id="m3">day22.com.automationtesting.testng.TestNgDemo1#testCase9</h3><table class="result"></table><p class="totop"><a href="#summary">back to summary</a></p><h2>Test2</h2><h3 id="m4">day22.com.automationtesting.testng.TestNgDemo#testCase1</h3><table class="result"><tr><th>Exception</th></tr><tr><td><div class="stacktrace">java.lang.AssertionError: expected [WebDriver] but found [Selenium]
	at day22.com.automationtesting.testng.TestNgDemo.testCase1(TestNgDemo.java:10)
... Removed 31 stack frames</div></td></tr></table><p class="totop"><a href="#summary">back to summary</a></p><h3 id="m5">day22.com.automationtesting.testng.TestNgDemo#testCase3</h3><table class="result"><tr><th>Exception</th></tr><tr><td><div class="stacktrace">java.lang.AssertionError: expected [true] but found [false]
	at day22.com.automationtesting.testng.TestNgDemo.testCase3(TestNgDemo.java:20)
... Removed 29 stack frames</div></td></tr></table><p class="totop"><a href="#summary">back to summary</a></p><h3 id="m6">day22.com.automationtesting.testng.TestNgDemo#testCase2</h3><table class="result"></table><p class="totop"><a href="#summary">back to summary</a></p><h3 id="m7">day22.com.automationtesting.testng.TestNgDemo#testCase4</h3><table class="result"></table><p class="totop"><a href="#summary">back to summary</a></p></body></html>