<?xml version="1.0" encoding="UTF-8"?>
<!-- Generated by org.testng.reporters.JUnitXMLReporter -->
<testsuite hostname="Krishnas-MacBook-Pro.local" ignored="3" name="Test2(failed)" tests="2" failures="2" timestamp="26 Aug 2017 01:15:56 GMT" time="0.013" errors="0">
  <testcase name="testCase3" time="0.002" classname="day22.com.automationtesting.testng.TestNgDemo">
    <failure type="java.lang.AssertionError" message="expected [true] but found [false]">
      <![CDATA[java.lang.AssertionError: expected [true] but found [false]
	at day22.com.automationtesting.testng.TestNgDemo.testCase3(TestNgDemo.java:20)
... Removed 29 stack frames]]>
    </failure>
  </testcase> <!-- testCase3 -->
  <testcase name="testCase1" time="0.003" classname="day22.com.automationtesting.testng.TestNgDemo">
    <failure type="java.lang.AssertionError" message="expected [WebDriver] but found [Selenium]">
      <![CDATA[java.lang.AssertionError: expected [WebDriver] but found [Selenium]
	at day22.com.automationtesting.testng.TestNgDemo.testCase1(TestNgDemo.java:10)
... Removed 31 stack frames]]>
    </failure>
  </testcase> <!-- testCase1 -->
  <testcase name="testCase2" time="0.0" classname="day22.com.automationtesting.testng.TestNgDemo">
    <ignored/>
  </testcase> <!-- testCase2 -->
  <testcase name="testCase5" time="0.0" classname="day22.com.automationtesting.testng.TestNgDemo">
    <ignored/>
  </testcase> <!-- testCase5 -->
  <testcase name="testCase4" time="0.0" classname="day22.com.automationtesting.testng.TestNgDemo">
    <ignored/>
  </testcase> <!-- testCase4 -->
</testsuite> <!-- Test2(failed) -->
