<?xml version="1.0" encoding="UTF-8"?>
<!-- Generated by org.testng.reporters.JUnitXMLReporter -->
<testsuite hostname="Krishnas-MacBook-Pro.local" ignored="3" name="Test1(failed)" tests="2" failures="2" timestamp="26 Aug 2017 01:15:55 GMT" time="0.057" errors="0">
  <testcase name="testCase6" time="0.02" classname="day22.com.automationtesting.testng.TestNgDemo1">
    <failure type="java.lang.AssertionError" message="expected [WebDriver] but found [Selenium]">
      <![CDATA[java.lang.AssertionError: expected [WebDriver] but found [Selenium]
	at day22.com.automationtesting.testng.TestNgDemo1.testCase6(TestNgDemo1.java:10)
... Removed 31 stack frames]]>
    </failure>
  </testcase> <!-- testCase6 -->
  <testcase name="testCase8" time="0.002" classname="day22.com.automationtesting.testng.TestNgDemo1">
    <failure type="java.lang.AssertionError" message="expected [true] but found [false]">
      <![CDATA[java.lang.AssertionError: expected [true] but found [false]
	at day22.com.automationtesting.testng.TestNgDemo1.testCase8(TestNgDemo1.java:20)
... Removed 29 stack frames]]>
    </failure>
  </testcase> <!-- testCase8 -->
  <testcase name="testCase10" time="0.0" classname="day22.com.automationtesting.testng.TestNgDemo1">
    <ignored/>
  </testcase> <!-- testCase10 -->
  <testcase name="testCase7" time="0.0" classname="day22.com.automationtesting.testng.TestNgDemo1">
    <ignored/>
  </testcase> <!-- testCase7 -->
  <testcase name="testCase9" time="0.0" classname="day22.com.automationtesting.testng.TestNgDemo1">
    <ignored/>
  </testcase> <!-- testCase9 -->
</testsuite> <!-- Test1(failed) -->
